This is pdfTeX, Version 3.14159265-2.6-1.40.16 (TeX Live 2015) (preloaded format=pdflatex 2015.11.19)  15 JAN 2016 17:52
entering extended mode
 restricted \write18 enabled.
 %&-line parsing enabled.
**\input chapter_first_half.tex
(./chapter_first_half.tex
(/usr/local/texlive/2015/texmf-dist/tex/latex/base/report.cls
Document Class: report 2014/09/29 v1.4h Standard LaTeX document class
(/usr/local/texlive/2015/texmf-dist/tex/latex/base/size12.clo
File: size12.clo 2014/09/29 v1.4h Standard LaTeX file (size option)
)
\c@part=\count79
\c@chapter=\count80
\c@section=\count81
\c@subsection=\count82
\c@subsubsection=\count83
\c@paragraph=\count84
\c@subparagraph=\count85
\c@figure=\count86
\c@table=\count87
\abovecaptionskip=\skip41
\belowcaptionskip=\skip42
\bibindent=\dimen102
)
(./packages_input.tex
(/usr/local/texlive/2015/texmf-dist/tex/latex/amsfonts/amsfonts.sty
Package: amsfonts 2013/01/14 v3.01 Basic AMSFonts support
\@emptytoks=\toks14
\symAMSa=\mathgroup4
\symAMSb=\mathgroup5
LaTeX Font Info:    Overwriting math alphabet `\mathfrak' in version `bold'
(Font)                  U/euf/m/n --> U/euf/b/n on input line 106.
)
(/usr/local/texlive/2015/texmf-dist/tex/latex/amsmath/amsmath.sty
Package: amsmath 2013/01/14 v2.14 AMS math features
\@mathmargin=\skip43

For additional information on amsmath, use the `?' option.
(/usr/local/texlive/2015/texmf-dist/tex/latex/amsmath/amstext.sty
Package: amstext 2000/06/29 v2.01

(/usr/local/texlive/2015/texmf-dist/tex/latex/amsmath/amsgen.sty
File: amsgen.sty 1999/11/30 v2.0
\@emptytoks=\toks15
\ex@=\dimen103
))
(/usr/local/texlive/2015/texmf-dist/tex/latex/amsmath/amsbsy.sty
Package: amsbsy 1999/11/29 v1.2d
\pmbraise@=\dimen104
)
(/usr/local/texlive/2015/texmf-dist/tex/latex/amsmath/amsopn.sty
Package: amsopn 1999/12/14 v2.01 operator names
)
\inf@bad=\count88
LaTeX Info: Redefining \frac on input line 210.
\uproot@=\count89
\leftroot@=\count90
LaTeX Info: Redefining \overline on input line 306.
\classnum@=\count91
\DOTSCASE@=\count92
LaTeX Info: Redefining \ldots on input line 378.
LaTeX Info: Redefining \dots on input line 381.
LaTeX Info: Redefining \cdots on input line 466.
\Mathstrutbox@=\box26
\strutbox@=\box27
\big@size=\dimen105
LaTeX Font Info:    Redeclaring font encoding OML on input line 566.
LaTeX Font Info:    Redeclaring font encoding OMS on input line 567.
\macc@depth=\count93
\c@MaxMatrixCols=\count94
\dotsspace@=\muskip10
\c@parentequation=\count95
\dspbrk@lvl=\count96
\tag@help=\toks16
\row@=\count97
\column@=\count98
\maxfields@=\count99
\andhelp@=\toks17
\eqnshift@=\dimen106
\alignsep@=\dimen107
\tagshift@=\dimen108
\tagwidth@=\dimen109
\totwidth@=\dimen110
\lineht@=\dimen111
\@envbody=\toks18
\multlinegap=\skip44
\multlinetaggap=\skip45
\mathdisplay@stack=\toks19
LaTeX Info: Redefining \[ on input line 2665.
LaTeX Info: Redefining \] on input line 2666.
)
(/usr/local/texlive/2015/texmf-dist/tex/latex/amsfonts/amssymb.sty
Package: amssymb 2013/01/14 v3.01 AMS font symbols
)
(/usr/local/texlive/2015/texmf-dist/tex/latex/jknapltx/mathrsfs.sty
Package: mathrsfs 1996/01/01 Math RSFS package v1.0 (jk)
\symrsfs=\mathgroup6
)
(/usr/local/texlive/2015/texmf-dist/tex/latex/amscls/amsthm.sty
Package: amsthm 2015/03/04 v2.20.2
\thm@style=\toks20
\thm@bodyfont=\toks21
\thm@headfont=\toks22
\thm@notefont=\toks23
\thm@headpunct=\toks24
\thm@preskip=\skip46
\thm@postskip=\skip47
\thm@headsep=\skip48
\dth@everypar=\toks25
)
(/usr/local/texlive/2015/texmf-dist/tex/latex/geometry/geometry.sty
Package: geometry 2010/09/12 v5.6 Page Geometry

(/usr/local/texlive/2015/texmf-dist/tex/latex/graphics/keyval.sty
Package: keyval 2014/10/28 v1.15 key=value parser (DPC)
\KV@toks@=\toks26
)
(/usr/local/texlive/2015/texmf-dist/tex/generic/oberdiek/ifpdf.sty
Package: ifpdf 2011/01/30 v2.3 Provides the ifpdf switch (HO)
Package ifpdf Info: pdfTeX in PDF mode is detected.
)
(/usr/local/texlive/2015/texmf-dist/tex/generic/oberdiek/ifvtex.sty
Package: ifvtex 2010/03/01 v1.5 Detect VTeX and its facilities (HO)
Package ifvtex Info: VTeX not detected.
)
(/usr/local/texlive/2015/texmf-dist/tex/generic/ifxetex/ifxetex.sty
Package: ifxetex 2010/09/12 v0.6 Provides ifxetex conditional
)
\Gm@cnth=\count100
\Gm@cntv=\count101
\c@Gm@tempcnt=\count102
\Gm@bindingoffset=\dimen112
\Gm@wd@mp=\dimen113
\Gm@odd@mp=\dimen114
\Gm@even@mp=\dimen115
\Gm@layoutwidth=\dimen116
\Gm@layoutheight=\dimen117
\Gm@layouthoffset=\dimen118
\Gm@layoutvoffset=\dimen119
\Gm@dimlist=\toks27
)
(/usr/local/texlive/2015/texmf-dist/tex/latex/graphics/graphicx.sty
Package: graphicx 2014/10/28 v1.0g Enhanced LaTeX Graphics (DPC,SPQR)

(/usr/local/texlive/2015/texmf-dist/tex/latex/graphics/graphics.sty
Package: graphics 2014/10/28 v1.0p Standard LaTeX Graphics (DPC,SPQR)

(/usr/local/texlive/2015/texmf-dist/tex/latex/graphics/trig.sty
Package: trig 1999/03/16 v1.09 sin cos tan (DPC)
)
(/usr/local/texlive/2015/texmf-dist/tex/latex/latexconfig/graphics.cfg
File: graphics.cfg 2010/04/23 v1.9 graphics configuration of TeX Live
)
Package graphics Info: Driver file: pdftex.def on input line 94.

(/usr/local/texlive/2015/texmf-dist/tex/latex/pdftex-def/pdftex.def
File: pdftex.def 2011/05/27 v0.06d Graphics/color for pdfTeX

(/usr/local/texlive/2015/texmf-dist/tex/generic/oberdiek/infwarerr.sty
Package: infwarerr 2010/04/08 v1.3 Providing info/warning/error messages (HO)
)
(/usr/local/texlive/2015/texmf-dist/tex/generic/oberdiek/ltxcmds.sty
Package: ltxcmds 2011/11/09 v1.22 LaTeX kernel commands for general use (HO)
)
\Gread@gobject=\count103
))
\Gin@req@height=\dimen120
\Gin@req@width=\dimen121
)
(/usr/local/texlive/2015/texmf-dist/tex/latex/natbib/natbib.sty
Package: natbib 2010/09/13 8.31b (PWD, AO)
\bibhang=\skip49
\bibsep=\skip50
LaTeX Info: Redefining \cite on input line 694.
\c@NAT@ctr=\count104
)
(/usr/local/texlive/2015/texmf-dist/tex/latex/algorithms/algorithm.sty
Package: algorithm 2009/08/24 v0.1 Document Style `algorithm' - floating enviro
nment

(/usr/local/texlive/2015/texmf-dist/tex/latex/float/float.sty
Package: float 2001/11/08 v1.3d Float enhancements (AL)
\c@float@type=\count105
\float@exts=\toks28
\float@box=\box28
\@float@everytoks=\toks29
\@floatcapt=\box29
)
(/usr/local/texlive/2015/texmf-dist/tex/latex/base/ifthen.sty
Package: ifthen 2014/09/29 v1.1c Standard LaTeX ifthen package (DPC)
)
\@float@every@algorithm=\toks30
\c@algorithm=\count106
)
(/usr/local/texlive/2015/texmf-dist/tex/latex/algorithms/algorithmic.sty
Package: algorithmic 2009/08/24 v0.1 Document Style `algorithmic'
\c@ALC@unique=\count107
\c@ALC@line=\count108
\c@ALC@rem=\count109
\c@ALC@depth=\count110
\ALC@tlm=\skip51
\algorithmicindent=\skip52
)
(/usr/local/texlive/2015/texmf-dist/tex/latex/xcolor/xcolor.sty
Package: xcolor 2007/01/21 v2.11 LaTeX color extensions (UK)

(/usr/local/texlive/2015/texmf-dist/tex/latex/latexconfig/color.cfg
File: color.cfg 2007/01/18 v1.5 color configuration of teTeX/TeXLive
)
Package xcolor Info: Driver file: pdftex.def on input line 225.
Package xcolor Info: Model `cmy' substituted by `cmy0' on input line 1337.
Package xcolor Info: Model `hsb' substituted by `rgb' on input line 1341.
Package xcolor Info: Model `RGB' extended on input line 1353.
Package xcolor Info: Model `HTML' substituted by `rgb' on input line 1355.
Package xcolor Info: Model `Hsb' substituted by `hsb' on input line 1356.
Package xcolor Info: Model `tHsb' substituted by `hsb' on input line 1357.
Package xcolor Info: Model `HSB' substituted by `hsb' on input line 1358.
Package xcolor Info: Model `Gray' substituted by `gray' on input line 1359.
Package xcolor Info: Model `wave' substituted by `hsb' on input line 1360.
)
(/usr/local/texlive/2015/texmf-dist/tex/latex/colortbl/colortbl.sty
Package: colortbl 2012/02/13 v1.0a Color table columns (DPC)

(/usr/local/texlive/2015/texmf-dist/tex/latex/tools/array.sty
Package: array 2014/10/28 v2.4c Tabular extension package (FMi)
\col@sep=\dimen122
\extrarowheight=\dimen123
\NC@list=\toks31
\extratabsurround=\skip53
\backup@length=\skip54
)
\everycr=\toks32
\minrowclearance=\skip55
)
(/usr/local/texlive/2015/texmf-dist/tex/latex/caption/caption.sty
Package: caption 2015/09/17 v3.3-111 Customizing captions (AR)

(/usr/local/texlive/2015/texmf-dist/tex/latex/caption/caption3.sty
Package: caption3 2015/09/20 v1.7-115 caption3 kernel (AR)
Package caption3 Info: TeX engine: e-TeX on input line 57.
\captionmargin=\dimen124
\captionmargin@=\dimen125
\captionwidth=\dimen126
\caption@tempdima=\dimen127
\caption@indent=\dimen128
\caption@parindent=\dimen129
\caption@hangindent=\dimen130
)
\c@ContinuedFloat=\count111
Package caption Info: float package is loaded.
)
(/usr/local/texlive/2015/texmf-dist/tex/latex/caption/subcaption.sty
Package: subcaption 2015/09/15 v1.1-100 Sub-captions (AR)
\c@subfigure=\count112
\c@subtable=\count113
)
(/usr/local/texlive/2015/texmf-dist/tex/latex/subfig/subfig.sty
Package: subfig 2005/06/28 ver: 1.3 subfig package
\c@KVtest=\count114
\sf@farskip=\skip56
\sf@captopadj=\dimen131
\sf@capskip=\skip57
\sf@nearskip=\skip58
\sf@top=\skip59
\sf@bottom=\skip60
)
(/usr/local/texlive/2015/texmf-dist/tex/latex/tools/tabularx.sty
Package: tabularx 2014/10/28 v2.10 `tabularx' package (DPC)
\TX@col@width=\dimen132
\TX@old@table=\dimen133
\TX@old@col=\dimen134
\TX@target=\dimen135
\TX@delta=\dimen136
\TX@cols=\count115
\TX@ftn=\toks33
)
\c@mydef=\count116
\c@definition=\count117
)
(./chapter_first_half.aux)
\openout1 = `chapter_first_half.aux'.

LaTeX Font Info:    Checking defaults for OML/cmm/m/it on input line 9.
LaTeX Font Info:    ... okay on input line 9.
LaTeX Font Info:    Checking defaults for T1/cmr/m/n on input line 9.
LaTeX Font Info:    ... okay on input line 9.
LaTeX Font Info:    Checking defaults for OT1/cmr/m/n on input line 9.
LaTeX Font Info:    ... okay on input line 9.
LaTeX Font Info:    Checking defaults for OMS/cmsy/m/n on input line 9.
LaTeX Font Info:    ... okay on input line 9.
LaTeX Font Info:    Checking defaults for OMX/cmex/m/n on input line 9.
LaTeX Font Info:    ... okay on input line 9.
LaTeX Font Info:    Checking defaults for U/cmr/m/n on input line 9.
LaTeX Font Info:    ... okay on input line 9.

*geometry* driver: auto-detecting
*geometry* detected driver: pdftex
*geometry* verbose mode - [ preamble ] result:
* driver: pdftex
* paper: <default>
* layout: <same size as paper>
* layoutoffset:(h,v)=(0.0pt,0.0pt)
* modes: 
* h-part:(L,W,R)=(71.13188pt, 472.03123pt, 71.13188pt)
* v-part:(T,H,B)=(71.13188pt, 652.70622pt, 71.13188pt)
* \paperwidth=614.295pt
* \paperheight=794.96999pt
* \textwidth=472.03123pt
* \textheight=652.70622pt
* \oddsidemargin=-1.1381pt
* \evensidemargin=-1.1381pt
* \topmargin=-38.1381pt
* \headheight=12.0pt
* \headsep=25.0pt
* \topskip=12.0pt
* \footskip=30.0pt
* \marginparwidth=44.0pt
* \marginparsep=10.0pt
* \columnsep=10.0pt
* \skip\footins=10.8pt plus 4.0pt minus 2.0pt
* \hoffset=0.0pt
* \voffset=0.0pt
* \mag=1000
* \@twocolumnfalse
* \@twosidefalse
* \@mparswitchfalse
* \@reversemarginfalse
* (1in=72.27pt=25.4mm, 1cm=28.453pt)

(/usr/local/texlive/2015/texmf-dist/tex/context/base/supp-pdf.mkii
[Loading MPS to PDF converter (version 2006.09.02).]
\scratchcounter=\count118
\scratchdimen=\dimen137
\scratchbox=\box30
\nofMPsegments=\count119
\nofMParguments=\count120
\everyMPshowfont=\toks34
\MPscratchCnt=\count121
\MPscratchDim=\dimen138
\MPnumerator=\count122
\makeMPintoPDFobject=\count123
\everyMPtoPDFconversion=\toks35
) (/usr/local/texlive/2015/texmf-dist/tex/generic/oberdiek/pdftexcmds.sty
Package: pdftexcmds 2011/11/29 v0.20 Utility functions of pdfTeX for LuaTeX (HO
)

(/usr/local/texlive/2015/texmf-dist/tex/generic/oberdiek/ifluatex.sty
Package: ifluatex 2010/03/01 v1.3 Provides the ifluatex switch (HO)
Package ifluatex Info: LuaTeX not detected.
)
Package pdftexcmds Info: LuaTeX not detected.
Package pdftexcmds Info: \pdf@primitive is available.
Package pdftexcmds Info: \pdf@ifprimitive is available.
Package pdftexcmds Info: \pdfdraftmode found.
)
(/usr/local/texlive/2015/texmf-dist/tex/latex/oberdiek/epstopdf-base.sty
Package: epstopdf-base 2010/02/09 v2.5 Base part for package epstopdf

(/usr/local/texlive/2015/texmf-dist/tex/latex/oberdiek/grfext.sty
Package: grfext 2010/08/19 v1.1 Manage graphics extensions (HO)

(/usr/local/texlive/2015/texmf-dist/tex/generic/oberdiek/kvdefinekeys.sty
Package: kvdefinekeys 2011/04/07 v1.3 Define keys (HO)
))
(/usr/local/texlive/2015/texmf-dist/tex/latex/oberdiek/kvoptions.sty
Package: kvoptions 2011/06/30 v3.11 Key value format for package options (HO)

(/usr/local/texlive/2015/texmf-dist/tex/generic/oberdiek/kvsetkeys.sty
Package: kvsetkeys 2012/04/25 v1.16 Key value parser (HO)

(/usr/local/texlive/2015/texmf-dist/tex/generic/oberdiek/etexcmds.sty
Package: etexcmds 2011/02/16 v1.5 Avoid name clashes with e-TeX commands (HO)
Package etexcmds Info: Could not find \expanded.
(etexcmds)             That can mean that you are not using pdfTeX 1.50 or
(etexcmds)             that some package has redefined \expanded.
(etexcmds)             In the latter case, load this package earlier.
)))
Package grfext Info: Graphics extension search list:
(grfext)             [.png,.pdf,.jpg,.mps,.jpeg,.jbig2,.jb2,.PNG,.PDF,.JPG,.JPE
G,.JBIG2,.JB2,.eps]
(grfext)             \AppendGraphicsExtensions on input line 452.

(/usr/local/texlive/2015/texmf-dist/tex/latex/latexconfig/epstopdf-sys.cfg
File: epstopdf-sys.cfg 2010/07/13 v1.3 Configuration of (r)epstopdf for TeX Liv
e
))
Package caption Info: Begin \AtBeginDocument code.
Package caption Info: subfig package v1.3 is loaded.
Package caption Info: End \AtBeginDocument code.

Chapter 1.
[1


{/usr/local/texlive/2015/texmf-var/fonts/map/pdftex/updmap/pdftex.map}]
LaTeX Font Info:    Try loading font information for U+msa on input line 29.

(/usr/local/texlive/2015/texmf-dist/tex/latex/amsfonts/umsa.fd
File: umsa.fd 2013/01/14 v3.01 AMS symbols A
)
LaTeX Font Info:    Try loading font information for U+msb on input line 29.

(/usr/local/texlive/2015/texmf-dist/tex/latex/amsfonts/umsb.fd
File: umsb.fd 2013/01/14 v3.01 AMS symbols B
)
LaTeX Font Info:    Try loading font information for U+rsfs on input line 29.

(/usr/local/texlive/2015/texmf-dist/tex/latex/jknapltx/ursfs.fd
File: ursfs.fd 1998/03/24 rsfs font definition file (jk)
) [2] [3]
[4] [5]
Overfull \hbox (27.73665pt too wide) in paragraph at lines 146--146
[]\OT1/cmr/bx/n/17.28 Micro-cluster based spec-tral clus-ter-ing in data stream
s 
 []

[6] [7] [8] (./chapter_first_half.bbl [9] [10]
Underfull \hbox (badness 3039) in paragraph at lines 20--28
[]\OT1/cmr/m/n/12 So-Zen Yao Charles J. Alpert.  Spec-tral Par-ti-tion-ing: The
 More Eigen-vec-tors,
 []


Underfull \hbox (badness 1033) in paragraph at lines 20--28
\OT1/cmr/m/n/12 The Bet-ter.  In \OT1/cmr/m/it/12 32nd De-sign Au-toma-tion Con
-fer-ence\OT1/cmr/m/n/12 , pages 195--200. ACM, De-
 []


Underfull \hbox (badness 3679) in paragraph at lines 20--28
\OT1/cmr/m/n/12 cem-ber 1995.  ISBN 0-89791-725-1.  doi: 10.1109/DAC.1995.25008
9.  URL
 []


Underfull \hbox (badness 2376) in paragraph at lines 30--38
\OT1/cmr/m/n/12 based fast ap-prox-i-mate spec-tral clus-ter-ing.  \OT1/cmr/m/i
t/12 Pat-tern Recog-ni-tion Let-ters\OT1/cmr/m/n/12 , 38(1):
 []


Underfull \hbox (badness 1360) in paragraph at lines 30--38
\OT1/cmr/m/n/12 63--69, March 2014.  ISSN 01678655.  doi: 10.1016/j.patrec.2013
.11.005.  URL
 []


Underfull \hbox (badness 3088) in paragraph at lines 67--74
[]\OT1/cmr/m/n/12 Ling Huang, Donghui Yan, Nina Taft, and Michael I Jor-dan.  S
pec-tral clus-
 []


Underfull \hbox (badness 10000) in paragraph at lines 67--74
\OT1/cmr/m/n/12 ter-ing with per-turbed data.  In \OT1/cmr/m/it/12 Ad-vances in
 Neu-ral In-for-ma-tion Pro-
 []


Underfull \hbox (badness 10000) in paragraph at lines 67--74
\OT1/cmr/m/it/12 cess-ing Sys-tems\OT1/cmr/m/n/12 , pages 705--712, 2008.  ISBN
 9781605609492.  URL
 []

[11

]
Underfull \hbox (badness 10000) in paragraph at lines 76--83
[]\OT1/cmr/m/n/12 Andrew Y Ng, Michael I Jor-dan, and Yair Weiss.  On Spec-tral
 Clus-
 []


Underfull \hbox (badness 10000) in paragraph at lines 76--83
\OT1/cmr/m/n/12 ter-ing: Anal-y-sis and an al-go-rithm.  \OT1/cmr/m/it/12 Ad-va
nces in Neu-ral In-for-ma-tion
 []


Underfull \hbox (badness 10000) in paragraph at lines 76--83
\OT1/cmr/m/it/12 Pro-cess-ing Sys-tems\OT1/cmr/m/n/12 , pages 849--856, 2001.  
doi: 10.1.1.19.8100.  URL
 []


Underfull \hbox (badness 2582) in paragraph at lines 85--92
[]\OT1/cmr/m/n/12 Huazhong Ning, W Xu, Y Chi, Y Gong, and Ts Huang.  In-cre-men
-tal Spec-
 []


Underfull \hbox (badness 2495) in paragraph at lines 85--92
\OT1/cmr/m/n/12 tral Clus-ter-ing With Ap-pli-ca-tion to Mon-i-tor-ing of Evolv
-ing Blog Com-mu-ni-ties.
 []


Underfull \hbox (badness 2980) in paragraph at lines 85--92
\OT1/cmr/m/it/12 SIAM In-ter-na-tional Con-fer-ence on Data Min-ing\OT1/cmr/m/n
/12 , pages 261--272, 2007.  URL
 []


Overfull \hbox (35.25374pt too wide) in paragraph at lines 85--92
\OT1/cmtt/m/n/12 http://www.appliedmathematician.org/proceedings/datamining/200
7/dm07[]024Ning.pdf\OT1/cmr/m/n/12 . 
 []


Underfull \hbox (badness 10000) in paragraph at lines 104--112
[]\OT1/cmr/m/n/12 Jianbo Shi and Ji-ten-dra Ma-lik.  Nor-mal-ized cuts and im-a
ge seg-men-ta-
 []


Underfull \hbox (badness 10000) in paragraph at lines 104--112
\OT1/cmr/m/n/12 tion.  \OT1/cmr/m/it/12 IEEE Trans-ac-tions on Pat-tern Anal-y-
sis and Ma-chine In-tel-li-gence\OT1/cmr/m/n/12 ,
 []


Underfull \hbox (badness 10000) in paragraph at lines 104--112
\OT1/cmr/m/n/12 22(8):888--905, 2000.  ISSN 01628828.  doi: 10.1109/34.868688. 
 URL
 []


Overfull \hbox (129.4328pt too wide) in paragraph at lines 115--123
\OT1/cmtt/m/n/12 http://doi.acm.org/10.1145/2522968.2522981$\OMS/cmsy/m/n/12 n$
\OT1/cmtt/m/n/12 nhttp://dl.acm.org/citation.cfm?doid=2522968.2522981\OT1/cmr/m
/n/12 . 
 []


Underfull \hbox (badness 10000) in paragraph at lines 134--140
[]\OT1/cmr/m/n/12 Christopher K.i. Williams and Matthias Seeger.  Us-ing the Ny
s-
 []


Underfull \hbox (badness 10000) in paragraph at lines 134--140
\OT1/cmr/m/n/12 trom Method to Speed up Ker-nel Ma-chines.  In \OT1/cmr/m/it/12
 Ad-vances in Neu-
 []


Underfull \hbox (badness 10000) in paragraph at lines 134--140
\OT1/cmr/m/it/12 ral In-for-ma-tion Pro-cess-ing Sys-tems 13\OT1/cmr/m/n/12 , p
ages 682--688, 2001.  URL
 []


Overfull \hbox (67.85776pt too wide) in paragraph at lines 134--140
\OT1/cmtt/m/n/12 http://papers.nips.cc/paper/1866-using-the-nystrom-method-to-s
peed-up-kernel-machines\OT1/cmr/m/n/12 . 
 []

[12]
Underfull \hbox (badness 3158) in paragraph at lines 153--160
[]\OT1/cmr/m/n/12 Donghui Yan, Ling Huang, and Michael I Jor-dan.  Fast ap-prox
-i-mate spec-tral
 []


Underfull \hbox (badness 4505) in paragraph at lines 153--160
\OT1/cmr/m/n/12 clus-ter-ing.  In \OT1/cmr/m/it/12 Work\OT1/cmr/m/n/12 , page 9
07, New York, New York, USA, June 2009.
 []


Underfull \hbox (badness 4341) in paragraph at lines 153--160
\OT1/cmr/m/n/12 ACM Press.  ISBN 9781605584959.  doi: 10.1145/1557019.1557118. 
 URL
 []


Underfull \hbox (badness 10000) in paragraph at lines 163--170
[]\OT1/cmr/m/n/12 Lihi Zelnik-manor, Lihi Zelnik-manor, Pietro Per-ona, and Pie
tro Per-ona.
 []


Underfull \hbox (badness 10000) in paragraph at lines 163--170
\OT1/cmr/m/n/12 Self-tuning spec-tral clus-ter-ing.  \OT1/cmr/m/it/12 Ad-vances
 in Neu-ral In-for-ma-tion Pro-cess-
 []


Underfull \hbox (badness 10000) in paragraph at lines 163--170
\OT1/cmr/m/it/12 ing Sys-tems 17\OT1/cmr/m/n/12 , pages 1601--1608, 2004.  doi:
 10.1.1.84.7940.  URL
 []


Underfull \hbox (badness 1178) in paragraph at lines 172--180
[]\OT1/cmr/m/n/12 Tian Zhang, Raghu Ra-makr-ish-nan, and Miron Livny.  BIRCH: A
n Ef-fi-cient Data
 []


Underfull \hbox (badness 2707) in paragraph at lines 172--180
\OT1/cmr/m/n/12 Clus-ter-ing Method for Very Large Databases.  \OT1/cmr/m/it/12
 ACM SIG-MOD Record\OT1/cmr/m/n/12 , 25(2):
 []


Underfull \hbox (badness 3471) in paragraph at lines 172--180
\OT1/cmr/m/n/12 103--114, June 1996.  ISSN 01635808.  doi: 10.1145/235968.23332
4.  URL
 []

) [13] (./chapter_first_half.aux) ) 
Here is how much of TeX's memory you used:
 5528 strings out of 493054
 77964 string characters out of 6134765
 162831 words of memory out of 5000000
 8950 multiletter control sequences out of 15000+600000
 10814 words of font info for 42 fonts, out of 8000000 for 9000
 1141 hyphenation exceptions out of 8191
 38i,10n,38p,1518b,450s stack positions out of 5000i,500n,10000p,200000b,80000s
</usr/local/texlive/2015/texmf-dist/fonts/ty
pe1/public/amsfonts/cm/cmbx12.pfb></usr/local/texlive/2015/texmf-dist/fonts/typ
e1/public/amsfonts/cm/cmex10.pfb></usr/local/texlive/2015/texmf-dist/fonts/type
1/public/amsfonts/cm/cmmi12.pfb></usr/local/texlive/2015/texmf-dist/fonts/type1
/public/amsfonts/cm/cmmi6.pfb></usr/local/texlive/2015/texmf-dist/fonts/type1/p
ublic/amsfonts/cm/cmmi8.pfb></usr/local/texlive/2015/texmf-dist/fonts/type1/pub
lic/amsfonts/cm/cmr10.pfb></usr/local/texlive/2015/texmf-dist/fonts/type1/publi
c/amsfonts/cm/cmr12.pfb></usr/local/texlive/2015/texmf-dist/fonts/type1/public/
amsfonts/cm/cmr6.pfb></usr/local/texlive/2015/texmf-dist/fonts/type1/public/ams
fonts/cm/cmr8.pfb></usr/local/texlive/2015/texmf-dist/fonts/type1/public/amsfon
ts/cm/cmsy10.pfb></usr/local/texlive/2015/texmf-dist/fonts/type1/public/amsfont
s/cm/cmsy8.pfb></usr/local/texlive/2015/texmf-dist/fonts/type1/public/amsfonts/
cm/cmti12.pfb></usr/local/texlive/2015/texmf-dist/fonts/type1/public/amsfonts/c
m/cmtt12.pfb></usr/local/texlive/2015/texmf-dist/fonts/type1/public/amsfonts/sy
mbols/msbm10.pfb>
Output written on chapter_first_half.pdf (13 pages, 181901 bytes).
PDF statistics:
 103 PDF objects out of 1000 (max. 8388607)
 73 compressed objects within 1 object stream
 0 named destinations out of 1000 (max. 500000)
 1 words of extra memory for PDF output out of 10000 (max. 10000000)

